[2021-11-16 21:03:28,531] DEBUG preRegister called. Server=com.sun.jmx.mbeanserver.JmxMBeanServer@24273305, name=log4j:logger=kafka.controller (kafka.controller)
[2021-11-16 21:03:49,954] INFO [ControllerEventThread controllerId=0] Starting (kafka.controller.ControllerEventManager$ControllerEventThread)
[2021-11-16 21:03:49,973] INFO [Controller id=0] 0 successfully elected as the controller. Epoch incremented to 1 and epoch zk version is now 1 (kafka.controller.KafkaController)
[2021-11-16 21:03:49,976] INFO [Controller id=0] Creating FeatureZNode at path: /feature with contents: FeatureZNode(Enabled,Features{}) (kafka.controller.KafkaController)
[2021-11-16 21:03:49,998] INFO [Controller id=0] Registering handlers (kafka.controller.KafkaController)
[2021-11-16 21:03:50,002] INFO [Controller id=0] Deleting log dir event notifications (kafka.controller.KafkaController)
[2021-11-16 21:03:50,005] INFO [Controller id=0] Deleting isr change notifications (kafka.controller.KafkaController)
[2021-11-16 21:03:50,007] INFO [Controller id=0] Initializing controller context (kafka.controller.KafkaController)
[2021-11-16 21:03:50,019] INFO [Controller id=0] Initialized broker epochs cache: HashMap(0 -> 25) (kafka.controller.KafkaController)
[2021-11-16 21:03:50,023] DEBUG [Controller id=0] Register BrokerModifications handler for Set(0) (kafka.controller.KafkaController)
[2021-11-16 21:03:50,028] DEBUG [Channel manager on controller 0]: Controller 0 trying to connect to broker 0 (kafka.controller.ControllerChannelManager)
[2021-11-16 21:03:50,034] INFO [RequestSendThread controllerId=0] Starting (kafka.controller.RequestSendThread)
[2021-11-16 21:03:50,035] INFO [Controller id=0] Currently active brokers in the cluster: Set(0) (kafka.controller.KafkaController)
[2021-11-16 21:03:50,035] INFO [Controller id=0] Currently shutting brokers in the cluster: HashSet() (kafka.controller.KafkaController)
[2021-11-16 21:03:50,035] INFO [Controller id=0] Current list of topics in the cluster: HashSet() (kafka.controller.KafkaController)
[2021-11-16 21:03:50,036] INFO [Controller id=0] Fetching topic deletions in progress (kafka.controller.KafkaController)
[2021-11-16 21:03:50,038] INFO [Controller id=0] List of topics to be deleted:  (kafka.controller.KafkaController)
[2021-11-16 21:03:50,038] INFO [Controller id=0] List of topics ineligible for deletion:  (kafka.controller.KafkaController)
[2021-11-16 21:03:50,039] INFO [Controller id=0] Initializing topic deletion manager (kafka.controller.KafkaController)
[2021-11-16 21:03:50,039] INFO [Topic Deletion Manager 0] Initializing manager with initial deletions: Set(), initial ineligible deletions: HashSet() (kafka.controller.TopicDeletionManager)
[2021-11-16 21:03:50,040] INFO [Controller id=0] Sending update metadata request (kafka.controller.KafkaController)
[2021-11-16 21:03:50,049] INFO [ReplicaStateMachine controllerId=0] Initializing replica state (kafka.controller.ZkReplicaStateMachine)
[2021-11-16 21:03:50,050] INFO [ReplicaStateMachine controllerId=0] Triggering online replica state changes (kafka.controller.ZkReplicaStateMachine)
[2021-11-16 21:03:50,053] INFO [ReplicaStateMachine controllerId=0] Triggering offline replica state changes (kafka.controller.ZkReplicaStateMachine)
[2021-11-16 21:03:50,053] DEBUG [ReplicaStateMachine controllerId=0] Started replica state machine with initial state -> HashMap() (kafka.controller.ZkReplicaStateMachine)
[2021-11-16 21:03:50,054] INFO [PartitionStateMachine controllerId=0] Initializing partition state (kafka.controller.ZkPartitionStateMachine)
[2021-11-16 21:03:50,054] INFO [PartitionStateMachine controllerId=0] Triggering online partition state changes (kafka.controller.ZkPartitionStateMachine)
[2021-11-16 21:03:50,057] INFO [RequestSendThread controllerId=0] Controller 0 connected to knoldus-Vostro-3500:9092 (id: 0 rack: null) for sending state change requests (kafka.controller.RequestSendThread)
[2021-11-16 21:03:50,067] DEBUG [PartitionStateMachine controllerId=0] Started partition state machine with initial state -> HashMap() (kafka.controller.ZkPartitionStateMachine)
[2021-11-16 21:03:50,068] INFO [Controller id=0] Ready to serve as the new controller with epoch 1 (kafka.controller.KafkaController)
[2021-11-16 21:03:50,084] INFO [Controller id=0] Partitions undergoing preferred replica election:  (kafka.controller.KafkaController)
[2021-11-16 21:03:50,084] INFO [Controller id=0] Partitions that completed preferred replica election:  (kafka.controller.KafkaController)
[2021-11-16 21:03:50,084] INFO [Controller id=0] Skipping preferred replica election for partitions due to topic deletion:  (kafka.controller.KafkaController)
[2021-11-16 21:03:50,084] INFO [Controller id=0] Resuming preferred replica election for partitions:  (kafka.controller.KafkaController)
[2021-11-16 21:03:50,085] INFO [Controller id=0] Starting replica leader election (PREFERRED) for partitions  triggered by ZkTriggered (kafka.controller.KafkaController)
[2021-11-16 21:03:50,097] INFO [Controller id=0] Starting the controller scheduler (kafka.controller.KafkaController)
[2021-11-16 21:03:55,099] INFO [Controller id=0] Processing automatic preferred replica leader election (kafka.controller.KafkaController)
[2021-11-16 21:03:55,099] TRACE [Controller id=0] Checking need to trigger auto leader balancing (kafka.controller.KafkaController)
[2021-11-16 21:06:38,325] INFO [Controller id=0] Shutting down broker 0 (kafka.controller.KafkaController)
[2021-11-16 21:06:38,325] DEBUG [Controller id=0] All shutting down brokers: 0 (kafka.controller.KafkaController)
[2021-11-16 21:06:38,326] DEBUG [Controller id=0] Live brokers:  (kafka.controller.KafkaController)
[2021-11-16 21:06:38,329] TRACE [Controller id=0] All leaders =  (kafka.controller.KafkaController)
[2021-11-16 21:06:39,431] INFO [ControllerEventThread controllerId=0] Shutting down (kafka.controller.ControllerEventManager$ControllerEventThread)
[2021-11-16 21:06:39,431] INFO [ControllerEventThread controllerId=0] Shutdown completed (kafka.controller.ControllerEventManager$ControllerEventThread)
[2021-11-16 21:06:39,431] INFO [ControllerEventThread controllerId=0] Stopped (kafka.controller.ControllerEventManager$ControllerEventThread)
[2021-11-16 21:06:39,432] DEBUG [Controller id=0] Resigning (kafka.controller.KafkaController)
[2021-11-16 21:06:39,433] DEBUG [Controller id=0] Unregister BrokerModifications handler for Set(0) (kafka.controller.KafkaController)
[2021-11-16 21:06:39,434] INFO [PartitionStateMachine controllerId=0] Stopped partition state machine (kafka.controller.ZkPartitionStateMachine)
[2021-11-16 21:06:39,435] INFO [ReplicaStateMachine controllerId=0] Stopped replica state machine (kafka.controller.ZkReplicaStateMachine)
[2021-11-16 21:06:39,437] INFO [RequestSendThread controllerId=0] Shutting down (kafka.controller.RequestSendThread)
[2021-11-16 21:06:39,437] INFO [RequestSendThread controllerId=0] Shutdown completed (kafka.controller.RequestSendThread)
[2021-11-16 21:06:39,437] INFO [RequestSendThread controllerId=0] Stopped (kafka.controller.RequestSendThread)
[2021-11-16 21:06:39,440] INFO [Controller id=0] Resigned (kafka.controller.KafkaController)
[2021-11-16 21:07:32,791] DEBUG preRegister called. Server=com.sun.jmx.mbeanserver.JmxMBeanServer@24273305, name=log4j:logger=kafka.controller (kafka.controller)
[2021-11-16 21:08:30,707] INFO [ControllerEventThread controllerId=0] Starting (kafka.controller.ControllerEventManager$ControllerEventThread)
[2021-11-16 21:08:30,736] INFO [Controller id=0] 0 successfully elected as the controller. Epoch incremented to 2 and epoch zk version is now 2 (kafka.controller.KafkaController)
[2021-11-16 21:08:30,738] INFO [Controller id=0] Registering handlers (kafka.controller.KafkaController)
[2021-11-16 21:08:30,743] INFO [Controller id=0] Deleting log dir event notifications (kafka.controller.KafkaController)
[2021-11-16 21:08:30,747] INFO [Controller id=0] Deleting isr change notifications (kafka.controller.KafkaController)
[2021-11-16 21:08:30,749] INFO [Controller id=0] Initializing controller context (kafka.controller.KafkaController)
[2021-11-16 21:08:30,761] INFO [Controller id=0] Initialized broker epochs cache: HashMap(0 -> 46) (kafka.controller.KafkaController)
[2021-11-16 21:08:30,766] DEBUG [Controller id=0] Register BrokerModifications handler for Set(0) (kafka.controller.KafkaController)
[2021-11-16 21:08:30,779] DEBUG [Channel manager on controller 0]: Controller 0 trying to connect to broker 0 (kafka.controller.ControllerChannelManager)
[2021-11-16 21:08:30,790] INFO [RequestSendThread controllerId=0] Starting (kafka.controller.RequestSendThread)
[2021-11-16 21:08:30,791] INFO [Controller id=0] Currently active brokers in the cluster: Set(0) (kafka.controller.KafkaController)
[2021-11-16 21:08:30,792] INFO [Controller id=0] Currently shutting brokers in the cluster: HashSet() (kafka.controller.KafkaController)
[2021-11-16 21:08:30,792] INFO [Controller id=0] Current list of topics in the cluster: HashSet() (kafka.controller.KafkaController)
[2021-11-16 21:08:30,792] INFO [Controller id=0] Fetching topic deletions in progress (kafka.controller.KafkaController)
[2021-11-16 21:08:30,795] INFO [Controller id=0] List of topics to be deleted:  (kafka.controller.KafkaController)
[2021-11-16 21:08:30,795] INFO [Controller id=0] List of topics ineligible for deletion:  (kafka.controller.KafkaController)
[2021-11-16 21:08:30,796] INFO [Controller id=0] Initializing topic deletion manager (kafka.controller.KafkaController)
[2021-11-16 21:08:30,796] INFO [Topic Deletion Manager 0] Initializing manager with initial deletions: Set(), initial ineligible deletions: HashSet() (kafka.controller.TopicDeletionManager)
[2021-11-16 21:08:30,797] INFO [Controller id=0] Sending update metadata request (kafka.controller.KafkaController)
[2021-11-16 21:08:30,805] INFO [ReplicaStateMachine controllerId=0] Initializing replica state (kafka.controller.ZkReplicaStateMachine)
[2021-11-16 21:08:30,805] INFO [ReplicaStateMachine controllerId=0] Triggering online replica state changes (kafka.controller.ZkReplicaStateMachine)
[2021-11-16 21:08:30,807] INFO [ReplicaStateMachine controllerId=0] Triggering offline replica state changes (kafka.controller.ZkReplicaStateMachine)
[2021-11-16 21:08:30,808] DEBUG [ReplicaStateMachine controllerId=0] Started replica state machine with initial state -> HashMap() (kafka.controller.ZkReplicaStateMachine)
[2021-11-16 21:08:30,808] INFO [PartitionStateMachine controllerId=0] Initializing partition state (kafka.controller.ZkPartitionStateMachine)
[2021-11-16 21:08:30,809] INFO [PartitionStateMachine controllerId=0] Triggering online partition state changes (kafka.controller.ZkPartitionStateMachine)
[2021-11-16 21:08:30,811] INFO [RequestSendThread controllerId=0] Controller 0 connected to knoldus-Vostro-3500:9092 (id: 0 rack: null) for sending state change requests (kafka.controller.RequestSendThread)
[2021-11-16 21:08:30,812] DEBUG [PartitionStateMachine controllerId=0] Started partition state machine with initial state -> HashMap() (kafka.controller.ZkPartitionStateMachine)
[2021-11-16 21:08:30,812] INFO [Controller id=0] Ready to serve as the new controller with epoch 2 (kafka.controller.KafkaController)
[2021-11-16 21:08:30,838] INFO [Controller id=0] Partitions undergoing preferred replica election:  (kafka.controller.KafkaController)
[2021-11-16 21:08:30,838] INFO [Controller id=0] Partitions that completed preferred replica election:  (kafka.controller.KafkaController)
[2021-11-16 21:08:30,839] INFO [Controller id=0] Skipping preferred replica election for partitions due to topic deletion:  (kafka.controller.KafkaController)
[2021-11-16 21:08:30,839] INFO [Controller id=0] Resuming preferred replica election for partitions:  (kafka.controller.KafkaController)
[2021-11-16 21:08:30,848] INFO [Controller id=0] Starting replica leader election (PREFERRED) for partitions  triggered by ZkTriggered (kafka.controller.KafkaController)
[2021-11-16 21:08:30,877] INFO [Controller id=0] Starting the controller scheduler (kafka.controller.KafkaController)
[2021-11-16 21:08:35,878] INFO [Controller id=0] Processing automatic preferred replica leader election (kafka.controller.KafkaController)
[2021-11-16 21:08:35,879] TRACE [Controller id=0] Checking need to trigger auto leader balancing (kafka.controller.KafkaController)
[2021-11-16 21:13:35,881] INFO [Controller id=0] Processing automatic preferred replica leader election (kafka.controller.KafkaController)
[2021-11-16 21:13:35,882] TRACE [Controller id=0] Checking need to trigger auto leader balancing (kafka.controller.KafkaController)
[2021-11-16 21:18:35,882] INFO [Controller id=0] Processing automatic preferred replica leader election (kafka.controller.KafkaController)
[2021-11-16 21:18:35,883] TRACE [Controller id=0] Checking need to trigger auto leader balancing (kafka.controller.KafkaController)
[2021-11-16 21:18:55,104] INFO [Controller id=0] Shutting down broker 0 (kafka.controller.KafkaController)
[2021-11-16 21:18:55,104] DEBUG [Controller id=0] All shutting down brokers: 0 (kafka.controller.KafkaController)
[2021-11-16 21:18:55,104] DEBUG [Controller id=0] Live brokers:  (kafka.controller.KafkaController)
[2021-11-16 21:18:55,107] TRACE [Controller id=0] All leaders =  (kafka.controller.KafkaController)
[2021-11-16 21:18:55,766] INFO [ControllerEventThread controllerId=0] Shutting down (kafka.controller.ControllerEventManager$ControllerEventThread)
[2021-11-16 21:18:55,766] INFO [ControllerEventThread controllerId=0] Shutdown completed (kafka.controller.ControllerEventManager$ControllerEventThread)
[2021-11-16 21:18:55,766] INFO [ControllerEventThread controllerId=0] Stopped (kafka.controller.ControllerEventManager$ControllerEventThread)
[2021-11-16 21:18:55,766] DEBUG [Controller id=0] Resigning (kafka.controller.KafkaController)
[2021-11-16 21:18:55,766] DEBUG [Controller id=0] Unregister BrokerModifications handler for Set(0) (kafka.controller.KafkaController)
[2021-11-16 21:18:55,767] INFO [PartitionStateMachine controllerId=0] Stopped partition state machine (kafka.controller.ZkPartitionStateMachine)
[2021-11-16 21:18:55,767] INFO [ReplicaStateMachine controllerId=0] Stopped replica state machine (kafka.controller.ZkReplicaStateMachine)
[2021-11-16 21:18:55,768] INFO [RequestSendThread controllerId=0] Shutting down (kafka.controller.RequestSendThread)
[2021-11-16 21:18:55,768] INFO [RequestSendThread controllerId=0] Shutdown completed (kafka.controller.RequestSendThread)
[2021-11-16 21:18:55,768] INFO [RequestSendThread controllerId=0] Stopped (kafka.controller.RequestSendThread)
[2021-11-16 21:18:55,769] INFO [Controller id=0] Resigned (kafka.controller.KafkaController)
